[2015-Aug-22 11:15:27.713202] [4]  日志组件初始化完毕
[2015-Aug-22 11:15:28.668217] [4]  读取语音卡配置文件
[2015-Aug-22 11:15:28.668217] [4]  语音通道超时检测线程已开启
[2015-Aug-22 11:15:30.960253] [4]  语音卡配置文件读取成功
[2015-Aug-22 11:15:30.965253] [4]  正在初始化语音卡通道, 预期耗时10秒
[2015-Aug-22 11:15:30.987754] [5]  异常: 可能向量越界情况出现, 下标值: 30
[2015-Aug-22 11:15:30.999004] [5]  异常: 可能向量越界情况出现, 下标值: 31
[2015-Aug-22 11:15:31.006504] [5]  异常: 可能向量越界情况出现, 下标值: 32
[2015-Aug-22 11:15:31.014004] [5]  异常: 可能向量越界情况出现, 下标值: 33
[2015-Aug-22 11:15:31.021504] [5]  异常: 可能向量越界情况出现, 下标值: 34
[2015-Aug-22 11:15:31.027754] [5]  异常: 可能向量越界情况出现, 下标值: 35
[2015-Aug-22 11:15:31.035255] [5]  异常: 可能向量越界情况出现, 下标值: 36
[2015-Aug-22 11:15:31.042755] [5]  异常: 可能向量越界情况出现, 下标值: 37
[2015-Aug-22 11:15:31.050255] [5]  异常: 可能向量越界情况出现, 下标值: 38
[2015-Aug-22 11:15:31.057755] [5]  异常: 可能向量越界情况出现, 下标值: 39
[2015-Aug-22 11:15:31.065255] [5]  异常: 可能向量越界情况出现, 下标值: 40
[2015-Aug-22 11:15:31.072755] [5]  异常: 可能向量越界情况出现, 下标值: 41
[2015-Aug-22 11:15:31.080255] [5]  异常: 可能向量越界情况出现, 下标值: 42
[2015-Aug-22 11:15:31.086505] [5]  异常: 可能向量越界情况出现, 下标值: 43
[2015-Aug-22 11:15:31.094005] [5]  异常: 可能向量越界情况出现, 下标值: 44
[2015-Aug-22 11:15:31.104006] [5]  异常: 可能向量越界情况出现, 下标值: 45
[2015-Aug-22 11:15:31.111506] [5]  异常: 可能向量越界情况出现, 下标值: 46
[2015-Aug-22 11:15:31.117756] [5]  异常: 可能向量越界情况出现, 下标值: 47
[2015-Aug-22 11:15:31.125256] [5]  异常: 可能向量越界情况出现, 下标值: 48
[2015-Aug-22 11:15:31.132756] [5]  异常: 可能向量越界情况出现, 下标值: 49
[2015-Aug-22 11:15:31.141506] [5]  异常: 可能向量越界情况出现, 下标值: 50
[2015-Aug-22 11:15:31.149006] [5]  异常: 可能向量越界情况出现, 下标值: 51
[2015-Aug-22 11:15:31.156506] [5]  异常: 可能向量越界情况出现, 下标值: 52
[2015-Aug-22 11:15:31.164007] [5]  异常: 可能向量越界情况出现, 下标值: 53
[2015-Aug-22 11:15:31.172757] [5]  异常: 可能向量越界情况出现, 下标值: 54
[2015-Aug-22 11:15:31.180257] [5]  异常: 可能向量越界情况出现, 下标值: 55
[2015-Aug-22 11:15:31.187757] [5]  异常: 可能向量越界情况出现, 下标值: 56
[2015-Aug-22 11:15:31.195257] [5]  异常: 可能向量越界情况出现, 下标值: 57
[2015-Aug-22 11:15:31.205257] [5]  异常: 可能向量越界情况出现, 下标值: 58
[2015-Aug-22 11:15:31.214007] [5]  异常: 可能向量越界情况出现, 下标值: 59
[2015-Aug-22 11:15:31.221507] [5]  异常: 可能向量越界情况出现, 下标值: 60
[2015-Aug-22 11:15:31.230258] [5]  异常: 可能向量越界情况出现, 下标值: 61
[2015-Aug-22 11:15:31.237758] [5]  异常: 可能向量越界情况出现, 下标值: 62
[2015-Aug-22 11:15:31.246508] [5]  异常: 可能向量越界情况出现, 下标值: 63
[2015-Aug-22 11:15:31.255258] [5]  异常: 可能向量越界情况出现, 下标值: 64
[2015-Aug-22 11:15:31.262758] [5]  异常: 可能向量越界情况出现, 下标值: 65
[2015-Aug-22 11:15:31.270258] [5]  异常: 可能向量越界情况出现, 下标值: 66
[2015-Aug-22 11:15:31.279008] [5]  异常: 可能向量越界情况出现, 下标值: 67
[2015-Aug-22 11:15:31.286508] [5]  异常: 可能向量越界情况出现, 下标值: 68
[2015-Aug-22 11:15:31.294009] [5]  异常: 可能向量越界情况出现, 下标值: 69
[2015-Aug-22 11:15:31.302759] [5]  异常: 可能向量越界情况出现, 下标值: 70
[2015-Aug-22 11:15:31.310259] [5]  异常: 可能向量越界情况出现, 下标值: 71
[2015-Aug-22 11:15:31.317759] [5]  异常: 可能向量越界情况出现, 下标值: 72
[2015-Aug-22 11:15:31.325259] [5]  异常: 可能向量越界情况出现, 下标值: 73
[2015-Aug-22 11:15:31.332759] [5]  异常: 可能向量越界情况出现, 下标值: 74
[2015-Aug-22 11:15:31.340259] [5]  异常: 可能向量越界情况出现, 下标值: 75
[2015-Aug-22 11:15:31.349009] [5]  异常: 可能向量越界情况出现, 下标值: 76
[2015-Aug-22 11:15:31.357760] [5]  异常: 可能向量越界情况出现, 下标值: 77
[2015-Aug-22 11:15:31.365260] [5]  异常: 可能向量越界情况出现, 下标值: 78
[2015-Aug-22 11:15:31.374010] [5]  异常: 可能向量越界情况出现, 下标值: 79
[2015-Aug-22 11:15:31.381510] [5]  异常: 可能向量越界情况出现, 下标值: 80
[2015-Aug-22 11:15:31.389010] [5]  异常: 可能向量越界情况出现, 下标值: 81
[2015-Aug-22 11:15:31.396510] [5]  异常: 可能向量越界情况出现, 下标值: 82
[2015-Aug-22 11:15:31.404010] [5]  异常: 可能向量越界情况出现, 下标值: 83
[2015-Aug-22 11:15:31.412760] [5]  异常: 可能向量越界情况出现, 下标值: 84
[2015-Aug-22 11:15:31.422761] [5]  异常: 可能向量越界情况出现, 下标值: 85
[2015-Aug-22 11:15:31.431511] [5]  异常: 可能向量越界情况出现, 下标值: 86
[2015-Aug-22 11:15:31.439011] [5]  异常: 可能向量越界情况出现, 下标值: 87
[2015-Aug-22 11:15:31.447761] [5]  异常: 可能向量越界情况出现, 下标值: 88
[2015-Aug-22 11:15:31.456511] [5]  异常: 可能向量越界情况出现, 下标值: 89
[2015-Aug-22 11:15:31.464011] [5]  异常: 可能向量越界情况出现, 下标值: 90
[2015-Aug-22 11:15:31.471511] [5]  异常: 可能向量越界情况出现, 下标值: 91
[2015-Aug-22 11:15:31.480261] [5]  异常: 可能向量越界情况出现, 下标值: 92
[2015-Aug-22 11:15:31.487762] [5]  异常: 可能向量越界情况出现, 下标值: 93
[2015-Aug-22 11:15:31.496512] [5]  异常: 可能向量越界情况出现, 下标值: 94
[2015-Aug-22 11:15:31.505262] [5]  异常: 可能向量越界情况出现, 下标值: 95
[2015-Aug-22 11:15:31.512762] [5]  异常: 可能向量越界情况出现, 下标值: 96
[2015-Aug-22 11:15:31.521512] [5]  异常: 可能向量越界情况出现, 下标值: 97
[2015-Aug-22 11:15:31.529012] [5]  异常: 可能向量越界情况出现, 下标值: 98
[2015-Aug-22 11:15:31.537762] [5]  异常: 可能向量越界情况出现, 下标值: 99
[2015-Aug-22 11:15:31.545262] [5]  异常: 可能向量越界情况出现, 下标值: 100
[2015-Aug-22 11:15:31.554013] [5]  异常: 可能向量越界情况出现, 下标值: 101
[2015-Aug-22 11:15:31.562763] [5]  异常: 可能向量越界情况出现, 下标值: 102
[2015-Aug-22 11:15:31.570263] [5]  异常: 可能向量越界情况出现, 下标值: 103
[2015-Aug-22 11:15:31.579013] [5]  异常: 可能向量越界情况出现, 下标值: 104
[2015-Aug-22 11:15:31.586513] [5]  异常: 可能向量越界情况出现, 下标值: 105
[2015-Aug-22 11:15:31.595263] [5]  异常: 可能向量越界情况出现, 下标值: 106
[2015-Aug-22 11:15:31.602763] [5]  异常: 可能向量越界情况出现, 下标值: 107
[2015-Aug-22 11:15:31.610263] [5]  异常: 可能向量越界情况出现, 下标值: 108
[2015-Aug-22 11:15:31.619014] [5]  异常: 可能向量越界情况出现, 下标值: 109
[2015-Aug-22 11:15:31.626514] [5]  异常: 可能向量越界情况出现, 下标值: 110
[2015-Aug-22 11:15:31.635264] [5]  异常: 可能向量越界情况出现, 下标值: 111
[2015-Aug-22 11:15:31.642764] [5]  异常: 可能向量越界情况出现, 下标值: 112
[2015-Aug-22 11:15:31.651514] [5]  异常: 可能向量越界情况出现, 下标值: 113
[2015-Aug-22 11:15:31.660264] [5]  异常: 可能向量越界情况出现, 下标值: 114
[2015-Aug-22 11:15:31.669014] [5]  异常: 可能向量越界情况出现, 下标值: 115
[2015-Aug-22 11:15:31.676514] [5]  异常: 可能向量越界情况出现, 下标值: 116
[2015-Aug-22 11:15:31.685265] [5]  异常: 可能向量越界情况出现, 下标值: 117
[2015-Aug-22 11:15:31.692765] [5]  异常: 可能向量越界情况出现, 下标值: 118
[2015-Aug-22 11:15:31.701515] [5]  异常: 可能向量越界情况出现, 下标值: 119
[2015-Aug-22 11:15:31.711515] [5]  异常: 可能向量越界情况出现, 下标值: 30
[2015-Aug-22 11:15:31.719015] [5]  异常: 可能向量越界情况出现, 下标值: 31
[2015-Aug-22 11:15:31.726515] [5]  异常: 可能向量越界情况出现, 下标值: 32
[2015-Aug-22 11:15:31.734015] [5]  异常: 可能向量越界情况出现, 下标值: 33
[2015-Aug-22 11:15:31.741515] [5]  异常: 可能向量越界情况出现, 下标值: 34
[2015-Aug-22 11:15:31.750266] [5]  异常: 可能向量越界情况出现, 下标值: 35
[2015-Aug-22 11:15:31.757766] [5]  异常: 可能向量越界情况出现, 下标值: 36
[2015-Aug-22 11:15:31.765266] [5]  异常: 可能向量越界情况出现, 下标值: 37
[2015-Aug-22 11:15:31.775266] [5]  异常: 可能向量越界情况出现, 下标值: 38
[2015-Aug-22 11:15:31.784016] [5]  异常: 可能向量越界情况出现, 下标值: 39
[2015-Aug-22 11:15:31.791516] [5]  异常: 可能向量越界情况出现, 下标值: 40
[2015-Aug-22 11:15:31.800266] [5]  异常: 可能向量越界情况出现, 下标值: 41
[2015-Aug-22 11:15:31.809016] [5]  异常: 可能向量越界情况出现, 下标值: 42
[2015-Aug-22 11:15:31.816517] [5]  异常: 可能向量越界情况出现, 下标值: 43
[2015-Aug-22 11:15:31.826517] [5]  异常: 可能向量越界情况出现, 下标值: 44
[2015-Aug-22 11:15:31.834017] [5]  异常: 可能向量越界情况出现, 下标值: 45
[2015-Aug-22 11:15:31.842767] [5]  异常: 可能向量越界情况出现, 下标值: 46
[2015-Aug-22 11:15:31.850267] [5]  异常: 可能向量越界情况出现, 下标值: 47
[2015-Aug-22 11:15:31.857767] [5]  异常: 可能向量越界情况出现, 下标值: 48
[2015-Aug-22 11:15:31.865267] [5]  异常: 可能向量越界情况出现, 下标值: 49
[2015-Aug-22 11:15:31.874017] [5]  异常: 可能向量越界情况出现, 下标值: 50
[2015-Aug-22 11:15:31.882768] [5]  异常: 可能向量越界情况出现, 下标值: 51
[2015-Aug-22 11:15:31.891518] [5]  异常: 可能向量越界情况出现, 下标值: 52
[2015-Aug-22 11:15:31.899018] [5]  异常: 可能向量越界情况出现, 下标值: 53
[2015-Aug-22 11:15:31.906518] [5]  异常: 可能向量越界情况出现, 下标值: 54
[2015-Aug-22 11:15:31.914018] [5]  异常: 可能向量越界情况出现, 下标值: 55
[2015-Aug-22 11:15:31.921518] [5]  异常: 可能向量越界情况出现, 下标值: 56
[2015-Aug-22 11:15:31.932768] [5]  异常: 可能向量越界情况出现, 下标值: 57
[2015-Aug-22 11:15:31.940268] [5]  异常: 可能向量越界情况出现, 下标值: 58
[2015-Aug-22 11:15:31.947769] [5]  异常: 可能向量越界情况出现, 下标值: 59
[2015-Aug-22 11:15:31.955269] [5]  异常: 可能向量越界情况出现, 下标值: 60
[2015-Aug-22 11:15:31.962769] [5]  异常: 可能向量越界情况出现, 下标值: 61
[2015-Aug-22 11:15:31.971519] [5]  异常: 可能向量越界情况出现, 下标值: 62
[2015-Aug-22 11:15:31.981519] [5]  异常: 可能向量越界情况出现, 下标值: 63
[2015-Aug-22 11:15:31.989019] [5]  异常: 可能向量越界情况出现, 下标值: 64
[2015-Aug-22 11:15:31.996519] [5]  异常: 可能向量越界情况出现, 下标值: 65
[2015-Aug-22 11:15:32.004019] [5]  异常: 可能向量越界情况出现, 下标值: 66
[2015-Aug-22 11:15:32.012770] [5]  异常: 可能向量越界情况出现, 下标值: 67
[2015-Aug-22 11:15:32.020270] [5]  异常: 可能向量越界情况出现, 下标值: 68
[2015-Aug-22 11:15:32.030270] [5]  异常: 可能向量越界情况出现, 下标值: 69
[2015-Aug-22 11:15:32.039020] [5]  异常: 可能向量越界情况出现, 下标值: 70
[2015-Aug-22 11:15:32.046520] [5]  异常: 可能向量越界情况出现, 下标值: 71
[2015-Aug-22 11:15:32.055270] [5]  异常: 可能向量越界情况出现, 下标值: 72
[2015-Aug-22 11:15:32.062770] [5]  异常: 可能向量越界情况出现, 下标值: 73
[2015-Aug-22 11:15:32.070270] [5]  异常: 可能向量越界情况出现, 下标值: 74
[2015-Aug-22 11:15:32.079021] [5]  异常: 可能向量越界情况出现, 下标值: 75
[2015-Aug-22 11:15:32.086521] [5]  异常: 可能向量越界情况出现, 下标值: 76
[2015-Aug-22 11:15:32.094021] [5]  异常: 可能向量越界情况出现, 下标值: 77
[2015-Aug-22 11:15:32.102771] [5]  异常: 可能向量越界情况出现, 下标值: 78
[2015-Aug-22 11:15:32.110271] [5]  异常: 可能向量越界情况出现, 下标值: 79
[2015-Aug-22 11:15:32.117771] [5]  异常: 可能向量越界情况出现, 下标值: 80
[2015-Aug-22 11:15:32.125271] [5]  异常: 可能向量越界情况出现, 下标值: 81
[2015-Aug-22 11:15:32.134021] [5]  异常: 可能向量越界情况出现, 下标值: 82
[2015-Aug-22 11:15:32.142772] [5]  异常: 可能向量越界情况出现, 下标值: 83
[2015-Aug-22 11:15:32.151522] [5]  异常: 可能向量越界情况出现, 下标值: 84
[2015-Aug-22 11:15:32.159022] [5]  异常: 可能向量越界情况出现, 下标值: 85
[2015-Aug-22 11:15:32.167772] [5]  异常: 可能向量越界情况出现, 下标值: 86
[2015-Aug-22 11:15:32.175272] [5]  异常: 可能向量越界情况出现, 下标值: 87
[2015-Aug-22 11:15:32.184022] [5]  异常: 可能向量越界情况出现, 下标值: 88
[2015-Aug-22 11:15:32.191522] [5]  异常: 可能向量越界情况出现, 下标值: 89
[2015-Aug-22 11:15:32.200272] [5]  异常: 可能向量越界情况出现, 下标值: 90
[2015-Aug-22 11:15:32.207773] [5]  异常: 可能向量越界情况出现, 下标值: 91
[2015-Aug-22 11:15:32.215273] [5]  异常: 可能向量越界情况出现, 下标值: 92
[2015-Aug-22 11:15:32.224023] [5]  异常: 可能向量越界情况出现, 下标值: 93
[2015-Aug-22 11:15:32.231523] [5]  异常: 可能向量越界情况出现, 下标值: 94
[2015-Aug-22 11:15:32.239023] [5]  异常: 可能向量越界情况出现, 下标值: 95
[2015-Aug-22 11:15:32.246523] [5]  异常: 可能向量越界情况出现, 下标值: 96
[2015-Aug-22 11:15:32.254023] [5]  异常: 可能向量越界情况出现, 下标值: 97
[2015-Aug-22 11:15:32.261523] [5]  异常: 可能向量越界情况出现, 下标值: 98
[2015-Aug-22 11:15:32.270274] [5]  异常: 可能向量越界情况出现, 下标值: 99
[2015-Aug-22 11:15:32.277774] [5]  异常: 可能向量越界情况出现, 下标值: 100
[2015-Aug-22 11:15:32.286524] [5]  异常: 可能向量越界情况出现, 下标值: 101
[2015-Aug-22 11:15:32.295274] [5]  异常: 可能向量越界情况出现, 下标值: 102
[2015-Aug-22 11:15:32.302774] [5]  异常: 可能向量越界情况出现, 下标值: 103
[2015-Aug-22 11:15:32.311524] [5]  异常: 可能向量越界情况出现, 下标值: 104
[2015-Aug-22 11:15:32.319024] [5]  异常: 可能向量越界情况出现, 下标值: 105
[2015-Aug-22 11:15:32.329024] [5]  异常: 可能向量越界情况出现, 下标值: 106
[2015-Aug-22 11:15:32.339025] [5]  异常: 可能向量越界情况出现, 下标值: 107
[2015-Aug-22 11:15:32.346525] [5]  异常: 可能向量越界情况出现, 下标值: 108
[2015-Aug-22 11:15:32.355275] [5]  异常: 可能向量越界情况出现, 下标值: 109
[2015-Aug-22 11:15:32.364025] [5]  异常: 可能向量越界情况出现, 下标值: 110
[2015-Aug-22 11:15:32.372775] [5]  异常: 可能向量越界情况出现, 下标值: 111
[2015-Aug-22 11:15:32.380275] [5]  异常: 可能向量越界情况出现, 下标值: 112
[2015-Aug-22 11:15:32.390275] [5]  异常: 可能向量越界情况出现, 下标值: 113
[2015-Aug-22 11:15:32.397776] [5]  异常: 可能向量越界情况出现, 下标值: 114
[2015-Aug-22 11:15:32.406526] [5]  异常: 可能向量越界情况出现, 下标值: 115
[2015-Aug-22 11:15:32.415276] [5]  异常: 可能向量越界情况出现, 下标值: 116
[2015-Aug-22 11:15:32.424026] [5]  异常: 可能向量越界情况出现, 下标值: 117
[2015-Aug-22 11:15:32.432776] [5]  异常: 可能向量越界情况出现, 下标值: 118
[2015-Aug-22 11:15:32.444026] [5]  异常: 可能向量越界情况出现, 下标值: 119
[2015-Aug-22 11:15:35.990331] [5]  异常: 可能向量越界情况出现, 下标值: 30
[2015-Aug-22 11:15:35.997831] [5]  异常: 可能向量越界情况出现, 下标值: 31
[2015-Aug-22 11:15:36.006581] [5]  异常: 可能向量越界情况出现, 下标值: 32
[2015-Aug-22 11:15:36.015331] [5]  异常: 可能向量越界情况出现, 下标值: 33
[2015-Aug-22 11:15:36.024081] [5]  异常: 可能向量越界情况出现, 下标值: 34
[2015-Aug-22 11:15:36.031581] [5]  异常: 可能向量越界情况出现, 下标值: 35
[2015-Aug-22 11:15:36.039081] [5]  异常: 可能向量越界情况出现, 下标值: 36
[2015-Aug-22 11:15:36.047832] [5]  异常: 可能向量越界情况出现, 下标值: 37
[2015-Aug-22 11:15:36.055332] [5]  异常: 可能向量越界情况出现, 下标值: 38
[2015-Aug-22 11:15:36.065332] [5]  异常: 可能向量越界情况出现, 下标值: 39
[2015-Aug-22 11:15:36.072832] [5]  异常: 可能向量越界情况出现, 下标值: 40
[2015-Aug-22 11:15:36.080332] [5]  异常: 可能向量越界情况出现, 下标值: 41
[2015-Aug-22 11:15:36.089082] [5]  异常: 可能向量越界情况出现, 下标值: 42
[2015-Aug-22 11:15:36.096582] [5]  异常: 可能向量越界情况出现, 下标值: 43
[2015-Aug-22 11:15:36.104082] [5]  异常: 可能向量越界情况出现, 下标值: 44
[2015-Aug-22 11:15:36.112833] [5]  异常: 可能向量越界情况出现, 下标值: 45
[2015-Aug-22 11:15:36.121583] [5]  异常: 可能向量越界情况出现, 下标值: 46
[2015-Aug-22 11:15:36.129083] [5]  异常: 可能向量越界情况出现, 下标值: 47
[2015-Aug-22 11:15:36.136583] [5]  异常: 可能向量越界情况出现, 下标值: 48
[2015-Aug-22 11:15:36.144083] [5]  异常: 可能向量越界情况出现, 下标值: 49
[2015-Aug-22 11:15:36.152833] [5]  异常: 可能向量越界情况出现, 下标值: 50
[2015-Aug-22 11:15:36.160333] [5]  异常: 可能向量越界情况出现, 下标值: 51
[2015-Aug-22 11:15:36.171583] [5]  异常: 可能向量越界情况出现, 下标值: 52
[2015-Aug-22 11:15:36.179084] [5]  异常: 可能向量越界情况出现, 下标值: 53
[2015-Aug-22 11:15:36.187834] [5]  异常: 可能向量越界情况出现, 下标值: 54
[2015-Aug-22 11:15:36.195334] [5]  异常: 可能向量越界情况出现, 下标值: 55
[2015-Aug-22 11:15:36.202834] [5]  异常: 可能向量越界情况出现, 下标值: 56
[2015-Aug-22 11:15:36.211584] [5]  异常: 可能向量越界情况出现, 下标值: 57
[2015-Aug-22 11:15:36.220334] [5]  异常: 可能向量越界情况出现, 下标值: 58
[2015-Aug-22 11:15:36.229084] [5]  异常: 可能向量越界情况出现, 下标值: 59
[2015-Aug-22 11:15:36.236584] [5]  异常: 可能向量越界情况出现, 下标值: 60
[2015-Aug-22 11:15:36.244085] [5]  异常: 可能向量越界情况出现, 下标值: 61
[2015-Aug-22 11:15:36.252835] [5]  异常: 可能向量越界情况出现, 下标值: 62
[2015-Aug-22 11:15:36.260335] [5]  异常: 可能向量越界情况出现, 下标值: 63
[2015-Aug-22 11:15:36.269085] [5]  异常: 可能向量越界情况出现, 下标值: 64
[2015-Aug-22 11:15:36.277835] [5]  异常: 可能向量越界情况出现, 下标值: 65
[2015-Aug-22 11:15:36.285335] [5]  异常: 可能向量越界情况出现, 下标值: 66
[2015-Aug-22 11:15:36.292835] [5]  异常: 可能向量越界情况出现, 下标值: 67
[2015-Aug-22 11:15:36.301585] [5]  异常: 可能向量越界情况出现, 下标值: 68
[2015-Aug-22 11:15:36.309086] [5]  异常: 可能向量越界情况出现, 下标值: 69
[2015-Aug-22 11:15:36.316586] [5]  异常: 可能向量越界情况出现, 下标值: 70
[2015-Aug-22 11:15:36.326586] [5]  异常: 可能向量越界情况出现, 下标值: 71
[2015-Aug-22 11:15:36.335336] [5]  异常: 可能向量越界情况出现, 下标值: 72
[2015-Aug-22 11:15:36.342836] [5]  异常: 可能向量越界情况出现, 下标值: 73
[2015-Aug-22 11:15:36.350336] [5]  异常: 可能向量越界情况出现, 下标值: 74
[2015-Aug-22 11:15:36.357836] [5]  异常: 可能向量越界情况出现, 下标值: 75
[2015-Aug-22 11:15:36.365336] [5]  异常: 可能向量越界情况出现, 下标值: 76
[2015-Aug-22 11:15:36.375337] [5]  异常: 可能向量越界情况出现, 下标值: 77
[2015-Aug-22 11:15:36.384087] [5]  异常: 可能向量越界情况出现, 下标值: 78
[2015-Aug-22 11:15:36.391587] [5]  异常: 可能向量越界情况出现, 下标值: 79
[2015-Aug-22 11:15:36.399087] [5]  异常: 可能向量越界情况出现, 下标值: 80
[2015-Aug-22 11:15:36.407837] [5]  异常: 可能向量越界情况出现, 下标值: 81
[2015-Aug-22 11:15:36.415337] [5]  异常: 可能向量越界情况出现, 下标值: 82
[2015-Aug-22 11:15:36.424087] [5]  异常: 可能向量越界情况出现, 下标值: 83
[2015-Aug-22 11:15:36.432837] [5]  异常: 可能向量越界情况出现, 下标值: 84
[2015-Aug-22 11:15:36.441588] [5]  异常: 可能向量越界情况出现, 下标值: 85
[2015-Aug-22 11:15:36.449088] [5]  异常: 可能向量越界情况出现, 下标值: 86
[2015-Aug-22 11:15:36.456588] [5]  异常: 可能向量越界情况出现, 下标值: 87
[2015-Aug-22 11:15:36.464088] [5]  异常: 可能向量越界情况出现, 下标值: 88
[2015-Aug-22 11:15:36.472838] [5]  异常: 可能向量越界情况出现, 下标值: 89
[2015-Aug-22 11:15:36.482838] [5]  异常: 可能向量越界情况出现, 下标值: 90
[2015-Aug-22 11:15:36.492838] [5]  异常: 可能向量越界情况出现, 下标值: 91
[2015-Aug-22 11:15:36.504089] [5]  异常: 可能向量越界情况出现, 下标值: 92
[2015-Aug-22 11:15:36.511589] [5]  异常: 可能向量越界情况出现, 下标值: 93
[2015-Aug-22 11:15:36.519089] [5]  异常: 可能向量越界情况出现, 下标值: 94
[2015-Aug-22 11:15:36.527839] [5]  异常: 可能向量越界情况出现, 下标值: 95
[2015-Aug-22 11:15:36.536589] [5]  异常: 可能向量越界情况出现, 下标值: 96
[2015-Aug-22 11:15:36.544089] [5]  异常: 可能向量越界情况出现, 下标值: 97
[2015-Aug-22 11:15:36.552839] [5]  异常: 可能向量越界情况出现, 下标值: 98
[2015-Aug-22 11:15:36.560339] [5]  异常: 可能向量越界情况出现, 下标值: 99
[2015-Aug-22 11:15:36.567840] [5]  异常: 可能向量越界情况出现, 下标值: 100
[2015-Aug-22 11:15:36.576590] [5]  异常: 可能向量越界情况出现, 下标值: 101
[2015-Aug-22 11:15:36.586590] [5]  异常: 可能向量越界情况出现, 下标值: 102
[2015-Aug-22 11:15:36.594090] [5]  异常: 可能向量越界情况出现, 下标值: 103
[2015-Aug-22 11:15:36.602840] [5]  异常: 可能向量越界情况出现, 下标值: 104
[2015-Aug-22 11:15:36.610340] [5]  异常: 可能向量越界情况出现, 下标值: 105
[2015-Aug-22 11:15:36.619090] [5]  异常: 可能向量越界情况出现, 下标值: 106
[2015-Aug-22 11:15:36.626590] [5]  异常: 可能向量越界情况出现, 下标值: 107
[2015-Aug-22 11:15:36.636591] [5]  异常: 可能向量越界情况出现, 下标值: 108
[2015-Aug-22 11:15:36.645341] [5]  异常: 可能向量越界情况出现, 下标值: 109
[2015-Aug-22 11:15:36.652841] [5]  异常: 可能向量越界情况出现, 下标值: 110
[2015-Aug-22 11:15:36.661591] [5]  异常: 可能向量越界情况出现, 下标值: 111
[2015-Aug-22 11:15:36.669091] [5]  异常: 可能向量越界情况出现, 下标值: 112
[2015-Aug-22 11:15:36.677841] [5]  异常: 可能向量越界情况出现, 下标值: 113
[2015-Aug-22 11:15:36.687841] [5]  异常: 可能向量越界情况出现, 下标值: 114
[2015-Aug-22 11:15:36.697842] [5]  异常: 可能向量越界情况出现, 下标值: 115
[2015-Aug-22 11:15:36.706592] [5]  异常: 可能向量越界情况出现, 下标值: 116
[2015-Aug-22 11:15:36.715342] [5]  异常: 可能向量越界情况出现, 下标值: 117
[2015-Aug-22 11:15:36.722842] [5]  异常: 可能向量越界情况出现, 下标值: 118
[2015-Aug-22 11:15:36.730342] [5]  异常: 可能向量越界情况出现, 下标值: 119
[2015-Aug-22 11:15:42.022923] [4]  语音卡通道初始化完毕
[2015-Aug-22 11:15:42.027923] [4]  语音卡初始化完毕
[2015-Aug-22 11:15:42.032923] [6]  >>>>>--------------------------------------------------------------------第一波检测, 测试10次呼叫, 响一声挂断--------------------------------------------------------------------<<<<<
[2015-Aug-22 11:15:42.056674] [4]  业务流水:100, 获取到的通道号码:0
[2015-Aug-22 11:15:42.064174] [4]  业务流水:100 已发送请求, 已将此通道对应状态清空, 通道号码:0
[2015-Aug-22 11:15:42.170426] [3]  语音卡事件: E_RCV_Ss7Msu
[2015-Aug-22 11:15:42.177926] [3]  语音卡事件: E_RCV_Ss7Msu
[2015-Aug-22 11:15:42.184176] [3]  语音卡事件: E_RCV_Ss7Msu
[2015-Aug-22 11:15:42.190426] [3]  语音卡事件: E_RCV_Ss7Msu
[2015-Aug-22 11:15:42.196676] [3]  语音卡事件: E_RCV_Ss7Msu
[2015-Aug-22 11:15:42.202926] [3]  语音卡事件: E_RCV_Ss7Msu
[2015-Aug-22 11:15:42.209176] [3]  语音卡事件: E_RCV_Ss7Msu
[2015-Aug-22 11:15:42.215426] [3]  语音卡事件: E_RCV_Ss7Msu
[2015-Aug-22 11:15:42.221676] [3]  语音卡事件: E_RCV_Ss7Msu
[2015-Aug-22 11:15:42.227926] [3]  语音卡事件: E_RCV_Ss7Msu
[2015-Aug-22 11:15:42.234177] [3]  语音卡事件: E_RCV_Ss7Msu
[2015-Aug-22 11:15:42.240427] [3]  语音卡事件: E_RCV_Ss7Msu
[2015-Aug-22 11:15:42.246677] [3]  语音卡事件: E_RCV_Ss7Msu
[2015-Aug-22 11:15:42.252927] [3]  语音卡事件: E_RCV_Ss7Msu
[2015-Aug-22 11:15:42.259177] [3]  语音卡事件: E_RCV_Ss7Msu
[2015-Aug-22 11:15:42.269177] [3]  语音卡事件: E_RCV_Ss7Msu
[2015-Aug-22 11:15:42.276677] [3]  语音卡事件: E_RCV_Ss7Msu
[2015-Aug-22 11:15:42.284177] [3]  语音卡事件: E_RCV_Ss7Msu
[2015-Aug-22 11:15:42.290427] [3]  语音卡事件: E_RCV_Ss7Msu
[2015-Aug-22 11:15:42.296678] [3]  语音卡事件: E_RCV_Ss7Msu
[2015-Aug-22 11:15:42.301678] [3]  语音卡事件: E_RCV_Ss7Msu
[2015-Aug-22 11:15:42.307928] [3]  语音卡事件: E_RCV_Ss7Msu
[2015-Aug-22 11:15:42.315428] [3]  语音卡事件: E_RCV_Ss7Msu
[2015-Aug-22 11:15:42.321678] [3]  语音卡事件: E_RCV_Ss7Msu
[2015-Aug-22 11:15:42.327928] [3]  语音卡事件: E_RCV_Ss7Msu
[2015-Aug-22 11:15:42.334178] [3]  语音卡事件: E_RCV_Ss7Msu
[2015-Aug-22 11:15:42.340428] [3]  语音卡事件: E_RCV_Ss7Msu
[2015-Aug-22 11:15:42.345428] [3]  语音卡事件: E_RCV_Ss7Msu
[2015-Aug-22 11:15:42.351678] [3]  语音卡事件: E_RCV_Ss7Msu
[2015-Aug-22 11:15:42.357928] [3]  语音卡事件: E_RCV_Ss7Msu
[2015-Aug-22 11:15:49.436787] [3]  语音卡事件: E_RCV_Ss7Msu
[2015-Aug-22 11:15:49.443037] [0]  业务流水:100 语音卡事件: E_CHG_ChState 状态机：通道状态发生变化, 通道的逻辑编号:0, 通道状态转换值:8192009
[2015-Aug-22 11:15:49.458038] [3]  业务流水:100 语音卡事件: E_PROC_AutoDial, 通道的逻辑编号:0, CPGAutoDial任务进展值:2
[2015-Aug-22 11:15:49.471788] [4]  业务流水:100 在判断ACM后, 接收到 DIAL_ECHOTONE 事件, 挂机. 通道号码:0
[2015-Aug-22 11:15:49.485538] [2]  业务流水:100 本次从呼叫到检测振铃, 共用时: 7410
[2015-Aug-22 11:15:49.495538] [6]  严重：触发振铃时通道不是TRK_CALLOUT_DAIL 或 TRK_CALLOUT_DAIL状态, 流水号:100通道号码:0
[2015-Aug-22 11:15:57.336909] [4]  业务流水:100 语音通道超时, 强制挂断处理, 语音卡通道号 : 0
[2015-Aug-22 11:15:57.348159] [2]  已挂断本次呼叫请求, 通道号码:0
[2015-Aug-22 11:15:57.346909] [0]  业务流水:100 语音卡事件: E_CHG_ChState 状态机：通道状态发生变化, 通道的逻辑编号:0, 通道状态转换值:589945
[2015-Aug-22 11:15:57.369409] [3]  模拟客户端socket发送呼叫结果
[2015-Aug-22 11:16:02.473237] [4]  业务流水:101, 获取到的通道号码:1
[2015-Aug-22 11:16:02.475737] [4]  业务流水:101 已发送请求, 已将此通道对应状态清空, 通道号码:1
